✅ All random seeds set to 42

✅ Data Loaded. Train Size: 474, Test Size: 2765

🔵 Processing: Autoencoder (AE)
2026-01-12 15:32:58.121661: E tensorflow/core/framework/node_def_util.cc:680] NodeDef mentions attribute use_unbounded_threadpool which is not in the op definition: Op<name=MapDataset; signature=input_dataset:variant, other_arguments: -> handle:variant; attr=f:func; attr=Targuments:list(type),min=0; attr=output_types:list(type),min=1; attr=output_shapes:list(shape),min=1; attr=use_inter_op_parallelism:bool,default=true; attr=preserve_cardinality:bool,default=false; attr=force_synchronous:bool,default=false; attr=metadata:string,default=""> This may be expected if your graph generating binary is newer  than this binary. Unknown attributes will be ignored. NodeDef: {{node ParallelMapDatasetV2/_15}}
2026-01-12 15:33:03.722890: E tensorflow/core/framework/node_def_util.cc:680] NodeDef mentions attribute use_unbounded_threadpool which is not in the op definition: Op<name=MapDataset; signature=input_dataset:variant, other_arguments: -> handle:variant; attr=f:func; attr=Targuments:list(type),min=0; attr=output_types:list(type),min=1; attr=output_shapes:list(shape),min=1; attr=use_inter_op_parallelism:bool,default=true; attr=preserve_cardinality:bool,default=false; attr=force_synchronous:bool,default=false; attr=metadata:string,default=""> This may be expected if your graph generating binary is newer  than this binary. Unknown attributes will be ignored. NodeDef: {{node ParallelMapDatasetV2/_14}}

🔵 Processing: Stationary Wavelet Transform (SWT)

🔵 Processing: TsAssure (Real)
      Humidity  Humidity_WeatherStation  Temperature  \
0          NaN                      NaN          NaN   
1   -30.250000                      0.0    17.725000   
2    34.000000                      0.0   -18.050000   
3   -35.000000                      0.0    22.050000   
4    38.333333                      1.0   -22.950000   
..         ...                      ...          ...   
469  49.400000                      0.0    24.400000   
470 -49.400000                     -3.0   -24.400000   
471  53.000000                      0.0    23.450000   
472   0.666667                      0.0    -0.916667   
473 -53.666667                      0.0   -22.533333   

     Temperature_WeatherStation  
0                           NaN  
1                        0.0000  
2                        0.0000  
3                        0.0000  
4                       -1.1112  
..                          ...  
469                      0.0000  
470                      1.1112  
471                      0.0000  
472                      0.0000  
473                      0.0000  

[474 rows x 4 columns]
       Humidity  Humidity_WeatherStation  Temperature  \
0           NaN                      NaN          NaN   
1     -0.333333                      0.0     2.166667   
2      0.000000                      0.0     0.000000   
3      0.333333                      0.0    -2.166667   
4      1.666667                      7.0    -0.500000   
...         ...                      ...          ...   
2760 -32.000000                      0.0     1.200000   
2761  25.400000                    -10.0    -0.150000   
2762 -28.250000                      0.0     1.000000   
2763  27.250000                      5.0    -0.250000   
2764 -28.500000                      0.0     1.500000   

      Temperature_WeatherStation  
0                            NaN  
1                       0.000000  
2                       0.000000  
3                       0.000000  
4                      -1.111111  
...                          ...  
2760                    0.000000  
2761                    2.222222  
2762                    0.000000  
2763                    0.000000  
2764                    0.000000  

[2765 rows x 4 columns]

🔵 Processing: Proposed (RobustFeatureExtractor)

================================================================================
FINAL SUMMARY RESULT TABLES
================================================================================

--- Feature Extraction Time (Seconds) ---
                            Method  Time (s)
                  Autoencoder (AE)  6.115327
Stationary Wavelet Transform (SWT)  0.004811
                   TsAssure (Real)  0.436618
 Proposed (RobustFeatureExtractor)  1.136394


--- RESULTS FOR: Autoencoder (AE) ---
      Accuracy Precision (W) Recall (W)  F1 (W) Precision (0) Recall (0)  F1 (0) Precision (1) Recall (1)  F1 (1) Train Time (s) Test Time (s)
Model                                                                                                                                         
RF      0.7863        0.8422     0.7863  0.8102        0.2177     0.3792  0.2766        0.9176     0.8354  0.8746           0.43          0.08
SVM     0.8134        0.8707     0.8134  0.8359        0.3004     0.5503  0.3886        0.9396     0.8452  0.8899           0.03          0.03
MLP     0.7342        0.8669     0.7342  0.7803        0.2312     0.6309  0.3384        0.9436     0.7467  0.8337           0.06          0.00
KNN     0.7740        0.8491     0.7740  0.8043        0.2252     0.4497  0.3001        0.9244     0.8131  0.8652           0.00          0.01
LR      0.8868        0.8853     0.8868  0.8860        0.4740     0.4597  0.4668        0.9350     0.9384  0.9367           0.11          0.00
XGB     0.8702        0.8548     0.8702  0.8615        0.3620     0.2685  0.3083        0.9143     0.9428  0.9284           0.43          0.00
LGBM    0.8709        0.8556     0.8709  0.8623        0.3665     0.2718  0.3121        0.9147     0.9433  0.9288           0.18          0.00


--- RESULTS FOR: Stationary Wavelet Transform (SWT) ---
      Accuracy Precision (W) Recall (W)  F1 (W) Precision (0) Recall (0)  F1 (0) Precision (1) Recall (1)  F1 (1) Train Time (s) Test Time (s)
Model                                                                                                                                         
RF      0.7429        0.8645     0.7429  0.7862        0.2329     0.6040  0.3361        0.9408     0.7596  0.8405           0.42          0.09
SVM     0.7461        0.8730     0.7461  0.7897        0.2469     0.6611  0.3595        0.9487     0.7564  0.8417           0.05          0.08
MLP     0.7175        0.8761     0.7175  0.7690        0.2337     0.7114  0.3519        0.9537     0.7183  0.8194           0.06          0.00
KNN     0.7400        0.8659     0.7400  0.7843        0.2332     0.6174  0.3385        0.9423     0.7548  0.8382           0.00          0.02
LR      0.7483        0.8724     0.7483  0.7912        0.2475     0.6544  0.3591        0.9479     0.7596  0.8434           0.00          0.00
XGB     0.7389        0.8615     0.7389  0.7829        0.2261     0.5872  0.3265        0.9382     0.7572  0.8380           0.23          0.00
LGBM    0.7356        0.8652     0.7356  0.7811        0.2297     0.6174  0.3348        0.9420     0.7499  0.8350           0.08          0.00


--- RESULTS FOR: TsAssure (Real) ---
      Accuracy Precision (W) Recall (W)  F1 (W) Precision (0) Recall (0)  F1 (0) Precision (1) Recall (1)  F1 (1) Train Time (s) Test Time (s)
Model                                                                                                                                         
RF      0.8289        0.8583     0.8289  0.8418        0.2951     0.4228  0.3476        0.9264     0.8779  0.9015           0.43          0.09
SVM     0.7713        0.8757     0.7713  0.8081        0.2687     0.6510  0.3804        0.9491     0.7859  0.8598           0.05          0.08
MLP     0.7525        0.8721     0.7525  0.7942        0.2500     0.6477  0.3607        0.9473     0.7652  0.8466           0.04          0.00
KNN     0.8151        0.8745     0.8151  0.8380        0.3088     0.5772  0.4023        0.9429     0.8439  0.8906           0.00          0.04
LR      0.7750        0.9023     0.7750  0.8142        0.3029     0.8356  0.4446        0.9748     0.7676  0.8589           0.07          0.00
XGB     0.8571        0.8680     0.8571  0.8622        0.3618     0.4262  0.3914        0.9291     0.9092  0.9190           0.31          0.00
LGBM    0.8915        0.8827     0.8915  0.8864        0.4959     0.4027  0.4444        0.9294     0.9505  0.9399           0.35          0.01


--- RESULTS FOR: Proposed (RobustFeatureExtractor) ---
      Accuracy Precision (W) Recall (W)  F1 (W) Precision (0) Recall (0)  F1 (0) Precision (1) Recall (1)  F1 (1) Train Time (s) Test Time (s)
Model                                                                                                                                         
RF      0.8883        0.8854     0.8883  0.8868        0.4821     0.4530  0.4671        0.9342     0.9411  0.9376           0.45          0.12
SVM     0.7948        0.8866     0.7948  0.8265        0.3047     0.7013  0.4248        0.9570     0.8061  0.8751           0.08          0.08
MLP     0.7234        0.8935     0.7234  0.7746        0.2565     0.8221  0.3911        0.9706     0.7114  0.8210           0.17          0.00
KNN     0.8049        0.8616     0.8049  0.8278        0.2761     0.4966  0.3549        0.9325     0.8423  0.8851           0.00          0.09
LR      0.6581        0.8723     0.6581  0.7228        0.2028     0.7383  0.3181        0.9534     0.6484  0.7718           0.04          0.00
XGB     0.8923        0.8884     0.8923  0.8902        0.5018     0.4597  0.4799        0.9352     0.9447  0.9399           0.57          0.00
LGBM    0.8949        0.8882     0.8949  0.8911        0.5157     0.4396  0.4746        0.9333     0.9500  0.9416           0.29          0.01